[2024-10-01 11:50:02] DEBUG FileComment.main(FileComment.java:31) - debug
[2024-10-01 11:50:02] INFO  FileComment.main(FileComment.java:32) - info
[2024-10-01 11:50:02] WARN  FileComment.main(FileComment.java:33) - warn
[2024-10-01 11:50:02] ERROR FileComment.main(FileComment.java:34) - ERROR
[2024-10-01 11:50:02] FATAL FileComment.main(FileComment.java:35) - fatal
[2024-10-01 12:12:23] DEBUG FileComment.main(FileComment.java:31) - debug
[2024-10-01 12:12:23] INFO  FileComment.main(FileComment.java:32) - info
[2024-10-01 12:12:23] WARN  FileComment.main(FileComment.java:33) - warn
[2024-10-01 12:12:23] ERROR FileComment.main(FileComment.java:34) - ERROR
[2024-10-01 12:12:23] FATAL FileComment.main(FileComment.java:35) - fatal
[2024-10-01 14:32:49] DEBUG Main.main(Main.java:30) - 캡슐화(Encapsulation
[2024-10-01 14:36:28] DEBUG Main.main(Main.java:30) - 캡슐화(Encapsulation
[2024-10-01 14:37:59] DEBUG Main.main(Main.java:30) - 캡슐화(Encapsulation
[2024-10-01 14:38:58] DEBUG Main.main(Main.java:30) - 캡슐화(Encapsulation
[2024-10-01 14:39:47] DEBUG Main.main(Main.java:30) - 캡슐화(Encapsulation
[2024-10-01 14:40:17] DEBUG Main.main(Main.java:30) - 캡슐화(Encapsulation
[2024-10-01 14:40:28] DEBUG Main.main(Main.java:30) - 캡슐화(Encapsulation
[2024-10-01 14:42:02] DEBUG Main.main(Main.java:30) - 캡슐화(Encapsulation
[2024-10-01 14:43:50] DEBUG Main.main(Main.java:30) - 캡슐화(Encapsulation
[2024-10-01 14:44:15] DEBUG Main.main(Main.java:30) - 캡슐화(Encapsulation
[2024-10-01 14:45:40] DEBUG Main.main(Main.java:30) - 캡슐화(Encapsulation
[2024-10-01 14:46:47] DEBUG Main.main(Main.java:30) - 캡슐화(Encapsulation
[2024-10-01 14:47:19] DEBUG Main.main(Main.java:30) - 캡슐화(Encapsulation
[2024-10-01 15:03:48] DEBUG Main.main(Main.java:30) - 캡슐화(Encapsulation
[2024-10-01 15:03:48] DEBUG Main.main(Main.java:36) - 잔고 : 100000000.0

[2024-10-01 15:03:48] DEBUG Main.main(Main.java:41) - 잔고 : 90000000.0

[2024-10-01 15:03:48] DEBUG Main.main(Main.java:46) - 잔고 : 95000000.0

[2024-10-01 15:04:21] DEBUG Main.main(Main.java:30) - 캡슐화(Encapsulation
[2024-10-01 15:04:21] DEBUG Main.main(Main.java:36) - 잔고 : {}

[2024-10-01 15:04:21] DEBUG Main.main(Main.java:41) - 잔고 : {}

[2024-10-01 15:04:21] DEBUG Main.main(Main.java:46) - 잔고 : {}

[2024-10-01 15:04:58] DEBUG Main.main(Main.java:30) - 캡슐화(Encapsulation
[2024-10-01 15:04:58] DEBUG Main.main(Main.java:36) - 잔고:{}

[2024-10-01 15:04:58] DEBUG Main.main(Main.java:41) - 잔고:{}

[2024-10-01 15:04:58] DEBUG Main.main(Main.java:46) - 잔고:{}

[2024-10-01 15:05:30] DEBUG Main.main(Main.java:30) - 캡슐화(Encapsulation
[2024-10-01 15:05:30] DEBUG Main.main(Main.java:36) - 잔고 : 100000000.0

[2024-10-01 15:05:30] DEBUG Main.main(Main.java:41) - 잔고 : 90000000.0

[2024-10-01 15:05:30] DEBUG Main.main(Main.java:46) - 잔고 : 95000000.0

[2024-10-01 15:05:52] DEBUG Main.main(Main.java:30) - 캡슐화(Encapsulation
[2024-10-01 15:05:52] DEBUG Main.main(Main.java:36) - 잔고 : 100000000.0

[2024-10-01 15:05:52] DEBUG Main.main(Main.java:41) - 잔고 : 90000000.0

[2024-10-01 15:05:52] DEBUG Main.main(Main.java:46) - 잔고 : 95000000.0

[2024-10-01 15:06:08] DEBUG Main.main(Main.java:30) - 캡슐화(Encapsulation
[2024-10-01 15:06:08] DEBUG Main.main(Main.java:36) - 잔고 : {}

[2024-10-01 15:06:08] DEBUG Main.main(Main.java:41) - 잔고 : 90000000.0

[2024-10-01 15:06:08] DEBUG Main.main(Main.java:46) - 잔고 : 95000000.0

[2024-10-01 15:24:02] DEBUG Main.main(Main.java:35) - singleton01 : com.pcwk.ehr.ed08.Singleton@6cf0e0ba
[2024-10-01 15:24:27] DEBUG Main.main(Main.java:35) - singleton01 : com.pcwk.ehr.ed08.Singleton@6cf0e0ba
[2024-10-01 15:24:27] DEBUG Main.main(Main.java:36) - singleton02 : com.pcwk.ehr.ed08.Singleton@175c2241
[2024-10-01 15:26:40] DEBUG Main.main(Main.java:35) - singleton01 : com.pcwk.ehr.ed09.Singleton@35e2d654
[2024-10-01 15:26:40] DEBUG Main.main(Main.java:36) - singleton02 : com.pcwk.ehr.ed09.Singleton@35e2d654
[2024-10-01 15:49:35] DEBUG FinalVariable.showFinal(FinalVariable.java:37) - MAX_VALUE : 88
